Fri 12 Sep 2025 14:00:41 INFO  ['run_recbole.py', '--model', 'MuPP', '--dataset', 'Amazon_Beauty', '--config_files', 'configs/Amazon_Beauty.yaml', '--train_batch_size', '512', '--num_item_representation', '2']
Fri 12 Sep 2025 14:00:41 INFO  
General Hyper Parameters:
gpu_id = 0
use_gpu = True
seed = 2025
state = INFO
reproducibility = True
data_path = dataset/Amazon_Beauty
checkpoint_dir = RecBole/saved
show_progress = True
save_dataset = False
dataset_save_path = None
save_dataloaders = False
dataloaders_save_path = None
log_wandb = False

Training Hyper Parameters:
epochs = 300
train_batch_size = 2048
learner = adam
learning_rate = 0.0005
train_neg_sample_args = {'distribution': 'none', 'sample_num': 'none', 'alpha': 'none', 'dynamic': False, 'candidate_num': 0}
eval_step = 2
stopping_step = 5
clip_grad_norm = None
weight_decay = 0.0
loss_decimal_place = 4

Evaluation Hyper Parameters:
eval_args = {'split': {'RS': [0.8, 0.1, 0.1]}, 'order': 'TO', 'group_by': 'user', 'mode': {'valid': 'full', 'test': 'full'}}
repeatable = True
metrics = ['NDCG', 'MRR']
topk = [3, 5, 10]
valid_metric = NDCG@10
valid_metric_bigger = True
eval_batch_size = 512
metric_decimal_place = 4

Dataset Hyper Parameters:
field_separator = 	
seq_separator =  
USER_ID_FIELD = user_id
ITEM_ID_FIELD = item_id
RATING_FIELD = rating
TIME_FIELD = timestamp
seq_len = None
LABEL_FIELD = label
threshold = None
NEG_PREFIX = neg_
load_col = {'inter': ['user_id', 'item_id', 'rating', 'timestamp']}
unload_col = None
unused_col = None
additional_feat_suffix = None
rm_dup_inter = None
val_interval = None
filter_inter_by_user_or_item = True
user_inter_num_interval = [5,inf)
item_inter_num_interval = [5,inf)
alias_of_user_id = None
alias_of_item_id = None
alias_of_entity_id = None
alias_of_relation_id = None
preload_weight = None
normalize_field = None
normalize_all = None
ITEM_LIST_LENGTH_FIELD = item_length
LIST_SUFFIX = _list
MAX_ITEM_LIST_LENGTH = 50
POSITION_FIELD = position_id
HEAD_ENTITY_ID_FIELD = head_id
TAIL_ENTITY_ID_FIELD = tail_id
RELATION_ID_FIELD = relation_id
ENTITY_ID_FIELD = entity_id
benchmark_filename = None

Other Hyper Parameters: 
worker = 0
wandb_project = recbole
shuffle = True
require_pow = False
enable_amp = False
enable_scaler = False
transform = None
numerical_features = []
discretization = None
kg_reverse_r = False
entity_kg_num_interval = [0,inf)
relation_kg_num_interval = [0,inf)
MODEL_TYPE = ModelType.SEQUENTIAL
n_layers = 2
n_heads = 4
hidden_size = 256
inner_size = 256
embedding_size = 256
mask_ratio = 0.2
ft_ratio = 0.5
hidden_dropout_prob = 0.3
attn_dropout_prob = 0.3
hidden_act = gelu
layer_norm_eps = 1e-12
initializer_range = 0.02
pooling_mode = sum
loss_type = CE
num_item_representation = 2
orth_lambda = 0.001
MODEL_INPUT_TYPE = InputType.POINTWISE
eval_type = EvaluatorType.RANKING
single_spec = True
local_rank = 0
device = cpu
valid_neg_sample_args = {'distribution': 'uniform', 'sample_num': 'none'}
test_neg_sample_args = {'distribution': 'uniform', 'sample_num': 'none'}


Fri 12 Sep 2025 14:00:42 INFO  Amazon_Beauty
The number of users: 16678
Average actions of users: 9.830844876176771
The number of items: 10506
Average actions of items: 15.606758686339838
The number of inters: 163949
The sparsity of the dataset: 99.90643198718531%
Remain Fields: ['user_id', 'item_id', 'rating', 'timestamp']
Fri 12 Sep 2025 14:00:43 INFO  [Training]: train_batch_size = [2048] train_neg_sample_args: [{'distribution': 'none', 'sample_num': 'none', 'alpha': 'none', 'dynamic': False, 'candidate_num': 0}]
Fri 12 Sep 2025 14:00:43 INFO  [Evaluation]: eval_batch_size = [512] eval_args: [{'split': {'RS': [0.8, 0.1, 0.1]}, 'order': 'TO', 'group_by': 'user', 'mode': {'valid': 'full', 'test': 'full'}}]
Fri 12 Sep 2025 14:00:43 INFO  MuPP(
  (item_embedding): Embedding(10506, 256, padding_idx=0)
  (position_embedding): Embedding(50, 256)
  (trm_encoder): TransformerEncoder(
    (layer): ModuleList(
      (0-1): 2 x TransformerLayer(
        (multi_head_attention): MultiHeadAttention(
          (query): Linear(in_features=256, out_features=256, bias=True)
          (key): Linear(in_features=256, out_features=256, bias=True)
          (value): Linear(in_features=256, out_features=256, bias=True)
          (softmax): Softmax(dim=-1)
          (attn_dropout): Dropout(p=0.3, inplace=False)
          (dense): Linear(in_features=256, out_features=256, bias=True)
          (LayerNorm): LayerNorm((256,), eps=1e-12, elementwise_affine=True)
          (out_dropout): Dropout(p=0.3, inplace=False)
        )
        (feed_forward): FeedForward(
          (dense_1): Linear(in_features=256, out_features=256, bias=True)
          (dense_2): Linear(in_features=256, out_features=256, bias=True)
          (LayerNorm): LayerNorm((256,), eps=1e-12, elementwise_affine=True)
          (dropout): Dropout(p=0.3, inplace=False)
        )
      )
    )
  )
  (representation_layer): ModuleList(
    (0-1): 2 x Linear(in_features=256, out_features=256, bias=True)
  )
  (LayerNorm): LayerNorm((256,), eps=1e-12, elementwise_affine=True)
  (dropout): Dropout(p=0.3, inplace=False)
  (loss_fct): CrossEntropyLoss()
)
Trainable parameters: 3625984
Fri 12 Sep 2025 14:00:43 INFO  FLOPs: 46101456.0
Fri 12 Sep 2025 14:04:36 INFO  epoch 0 training [time: 232.39s, train loss: 482.4729]
Fri 12 Sep 2025 14:08:29 INFO  epoch 1 training [time: 233.15s, train loss: 471.1779]
Fri 12 Sep 2025 14:08:37 INFO  epoch 1 evaluating [time: 7.34s, valid_score: 0.005700]
Fri 12 Sep 2025 14:08:37 INFO  valid result: 
ndcg@3 : 0.0031    ndcg@5 : 0.0042    ndcg@10 : 0.0057    mrr@3 : 0.0028    mrr@5 : 0.0034    mrr@10 : 0.0041
Fri 12 Sep 2025 14:08:37 INFO  Saving current: RecBole/saved/MuPP-Sep-12-2025_14-00-43.pth
Fri 12 Sep 2025 14:12:30 INFO  epoch 2 training [time: 232.99s, train loss: 469.3709]
Fri 12 Sep 2025 14:16:23 INFO  epoch 3 training [time: 233.09s, train loss: 454.2368]
Fri 12 Sep 2025 14:16:30 INFO  epoch 3 evaluating [time: 7.57s, valid_score: 0.011100]
Fri 12 Sep 2025 14:16:30 INFO  valid result: 
ndcg@3 : 0.0069    ndcg@5 : 0.0086    ndcg@10 : 0.0111    mrr@3 : 0.0061    mrr@5 : 0.007    mrr@10 : 0.008
Fri 12 Sep 2025 14:16:30 INFO  Saving current: RecBole/saved/MuPP-Sep-12-2025_14-00-43.pth
Fri 12 Sep 2025 14:20:23 INFO  epoch 4 training [time: 233.10s, train loss: 442.5188]
